E:\Code\venv\Scripts\python.exe E:\Code\Git\pipeline\code\main.py
{}
Pipeline runs with config: {'sampling_frequency': '30S', 'imputations_technique_str': 'pad', 'imputation_technique_num': 'pad', 'ts_fresh_window_length': 3, 'ts_fresh_window_end': 1, 'ts_fresh_minimal_features': True, 'target_col': 'components.cont.conditions.logic.errorCode', 'target_errorCode': 209, 'balance': True, 'evaluation_metrics': 'accuracy', 'cv': 5, 'ml_algorithm': LinearSVC(C=1.0, class_weight=None, dual=True, fit_intercept=True,
          intercept_scaling=1, loss='squared_hinge', max_iter=1000,
          multi_class='ovr', penalty='l2', random_state=None, tol=0.0001,
          verbose=0)}
2. Data merge
['../data/Buffer_Data\\export-wf2016-08-08.parquet.gzip', '../data/Buffer_Data\\export-wf2016-08-15.parquet.gzip', '../data/Buffer_Data\\export-wf2016-08-22.parquet.gzip', '../data/Buffer_Data\\export-wf2016-08-29.parquet.gzip', '../data/Buffer_Data\\export-wf2016-09-05.parquet.gzip', '../data/Buffer_Data\\export-wf2016-09-12.parquet.gzip', '../data/Buffer_Data\\export-wf2016-09-19.parquet.gzip', '../data/Buffer_Data\\export-wf2016-09-26.parquet.gzip', '../data/Buffer_Data\\export-wf2016-10-03.parquet.gzip', '../data/Buffer_Data\\export-wf2016-10-10.parquet.gzip', '../data/Buffer_Data\\export-wf2016-10-17.parquet.gzip', '../data/Buffer_Data\\export-wf2016-10-24.parquet.gzip', '../data/Buffer_Data\\export-wf2016-10-31.parquet.gzip', '../data/Buffer_Data\\export-wf2016-11-07.parquet.gzip', '../data/Buffer_Data\\export-wf2016-11-14.parquet.gzip', '../data/Buffer_Data\\export-wf2016-11-21.parquet.gzip', '../data/Buffer_Data\\export-wf2016-11-28.parquet.gzip', '../data/Buffer_Data\\export-wf2016-12-05.parquet.gzip', '../data/Buffer_Data\\export-wf2016-12-12.parquet.gzip', '../data/Buffer_Data\\export-wf2016-12-19.parquet.gzip', '../data/Buffer_Data\\export-wf2017-01-02.parquet.gzip', '../data/Buffer_Data\\export-wf2017-01-09.parquet.gzip', '../data/Buffer_Data\\export-wf2017-01-16.parquet.gzip', '../data/Buffer_Data\\export-wf2017-01-30.parquet.gzip', '../data/Buffer_Data\\export-wf2017-02-06.parquet.gzip', '../data/Buffer_Data\\export-wf2017-02-13.parquet.gzip', '../data/Buffer_Data\\export-wf2017-02-20.parquet.gzip', '../data/Buffer_Data\\export-wf2017-02-27.parquet.gzip', '../data/Buffer_Data\\export-wf2017-03-06.parquet.gzip', '../data/Buffer_Data\\export-wf2017-03-13.parquet.gzip', '../data/Buffer_Data\\export-wf2017-03-20.parquet.gzip', '../data/Buffer_Data\\export-wf2017-03-27.parquet.gzip', '../data/Buffer_Data\\export-wf2017-04-03.parquet.gzip', '../data/Buffer_Data\\export-wf2017-04-10.parquet.gzip', '../data/Buffer_Data\\export-wf2017-04-17.parquet.gzip', '../data/Buffer_Data\\export-wf2017-04-24.parquet.gzip', '../data/Buffer_Data\\export-wf2017-05-01.parquet.gzip', '../data/Buffer_Data\\export-wf2017-05-08.parquet.gzip', '../data/Buffer_Data\\export-wf2017-05-15.parquet.gzip', '../data/Buffer_Data\\export-wf2017-05-22.parquet.gzip', '../data/Buffer_Data\\export-wf2017-05-29.parquet.gzip', '../data/Buffer_Data\\export-wf2017-06-05.parquet.gzip', '../data/Buffer_Data\\export-wf2017-06-12.parquet.gzip', '../data/Buffer_Data\\export-wf2017-06-19.parquet.gzip', '../data/Buffer_Data\\export-wf2017-06-26.parquet.gzip', '../data/Buffer_Data\\export-wf2017-07-03.parquet.gzip', '../data/Buffer_Data\\export-wf2017-07-10.parquet.gzip', '../data/Buffer_Data\\export-wf2017-07-24.parquet.gzip', '../data/Buffer_Data\\export-wf2017-07-31.parquet.gzip', '../data/Buffer_Data\\export-wf2017-08-07.parquet.gzip', '../data/Buffer_Data\\export-wf2017-08-14.parquet.gzip', '../data/Buffer_Data\\export-wf2017-08-21.parquet.gzip', '../data/Buffer_Data\\export-wf2017-08-28.parquet.gzip', '../data/Buffer_Data\\export-wf2017-09-04.parquet.gzip', '../data/Buffer_Data\\export-wf2017-09-11.parquet.gzip', '../data/Buffer_Data\\export-wf2017-09-18.parquet.gzip', '../data/Buffer_Data\\export-wf2017-09-25.parquet.gzip', '../data/Buffer_Data\\export-wf2017-10-02.parquet.gzip', '../data/Buffer_Data\\export-wf2017-10-09.parquet.gzip', '../data/Buffer_Data\\export-wf2017-10-16.parquet.gzip', '../data/Buffer_Data\\export-wf2017-10-23.parquet.gzip', '../data/Buffer_Data\\export-wf2017-10-30.parquet.gzip', '../data/Buffer_Data\\export-wf2017-11-06.parquet.gzip', '../data/Buffer_Data\\export-wf2017-11-13.parquet.gzip', '../data/Buffer_Data\\export-wf2017-11-20.parquet.gzip', '../data/Buffer_Data\\export-wf2017-11-27.parquet.gzip', '../data/Buffer_Data\\export-wf2017-12-04.parquet.gzip', '../data/Buffer_Data\\export-wf2017-12-11.parquet.gzip', '../data/Buffer_Data\\export-wf2017-12-18.parquet.gzip', '../data/Buffer_Data\\export-wf2018-01-01.parquet.gzip', '../data/Buffer_Data\\export-wf2018-01-08.parquet.gzip', '../data/Buffer_Data\\export-wf2018-01-15.parquet.gzip', '../data/Buffer_Data\\export-wf2018-01-22.parquet.gzip', '../data/Buffer_Data\\export-wf2018-01-29.parquet.gzip', '../data/Buffer_Data\\export-wf2018-02-05.parquet.gzip', '../data/Buffer_Data\\export-wf2018-02-12.parquet.gzip', '../data/Buffer_Data\\export-wf2018-02-19.parquet.gzip', '../data/Buffer_Data\\export-wf2018-02-26.parquet.gzip', '../data/Buffer_Data\\export-wf2018-03-05.parquet.gzip', '../data/Buffer_Data\\export-wf2018-03-12.parquet.gzip', '../data/Buffer_Data\\export-wf2018-03-19.parquet.gzip', '../data/Buffer_Data\\export-wf2018-03-26.parquet.gzip', '../data/Buffer_Data\\export-wf2018-04-02.parquet.gzip', '../data/Buffer_Data\\export-wf2018-04-09.parquet.gzip', '../data/Buffer_Data\\export-wf2018-04-16.parquet.gzip', '../data/Buffer_Data\\export-wf2018-04-23.parquet.gzip', '../data/Buffer_Data\\export-wf2018-04-30.parquet.gzip', '../data/Buffer_Data\\export-wf2018-05-07.parquet.gzip', '../data/Buffer_Data\\export-wf2018-05-14.parquet.gzip', '../data/Buffer_Data\\export-wf2018-05-21.parquet.gzip', '../data/Buffer_Data\\export-wf2018-05-28.parquet.gzip', '../data/Buffer_Data\\export-wf2018-06-04.parquet.gzip', '../data/Buffer_Data\\export-wf2018-06-11.parquet.gzip', '../data/Buffer_Data\\export-wf2018-06-18.parquet.gzip', '../data/Buffer_Data\\export-wf2018-06-25.parquet.gzip', '../data/Buffer_Data\\export-wf2018-07-02.parquet.gzip', '../data/Buffer_Data\\export-wf2018-07-09.parquet.gzip', '../data/Buffer_Data\\export-wf2018-07-16.parquet.gzip', '../data/Buffer_Data\\export-wf2018-07-23.parquet.gzip', '../data/Buffer_Data\\export-wf2018-07-30.parquet.gzip', '../data/Buffer_Data\\export-wf2018-08-06.parquet.gzip', '../data/Buffer_Data\\export-wf2018-08-13.parquet.gzip', '../data/Buffer_Data\\export-wf2018-08-20.parquet.gzip', '../data/Buffer_Data\\export-wf2018-08-27.parquet.gzip', '../data/Buffer_Data\\export-wf2018-09-03.parquet.gzip', '../data/Buffer_Data\\export-wf2018-09-10.parquet.gzip', '../data/Buffer_Data\\export-wf2018-09-17.parquet.gzip', '../data/Buffer_Data\\export-wf2018-09-24.parquet.gzip', '../data/Buffer_Data\\export-wf2018-10-01.parquet.gzip', '../data/Buffer_Data\\export-wf2018-10-08.parquet.gzip', '../data/Buffer_Data\\export-wf2018-10-15.parquet.gzip', '../data/Buffer_Data\\export-wf2018-10-22.parquet.gzip', '../data/Buffer_Data\\export-wf2018-10-29.parquet.gzip', '../data/Buffer_Data\\export-wf2018-11-05.parquet.gzip', '../data/Buffer_Data\\export-wf2018-11-12.parquet.gzip', '../data/Buffer_Data\\export-wf2018-11-19.parquet.gzip', '../data/Buffer_Data\\export-wf2018-11-26.parquet.gzip', '../data/Buffer_Data\\export-wf2018-12-03.parquet.gzip', '../data/Buffer_Data\\export-wf2018-12-10.parquet.gzip', '../data/Buffer_Data\\export-wf2018-12-17.parquet.gzip', '../data/Buffer_Data\\export-wf2018-12-24.parquet.gzip', '../data/Buffer_Data\\export-wf2018-12-31.parquet.gzip', '../data/Buffer_Data\\export-wf2019-01-07.parquet.gzip', '../data/Buffer_Data\\export-wf2019-01-14.parquet.gzip', '../data/Buffer_Data\\export-wf2019-01-21.parquet.gzip', '../data/Buffer_Data\\export-wf2019-01-28.parquet.gzip', '../data/Buffer_Data\\export-wf2019-02-04.parquet.gzip', '../data/Buffer_Data\\export-wf2019-02-11.parquet.gzip', '../data/Buffer_Data\\export-wf2019-02-18.parquet.gzip', '../data/Buffer_Data\\export-wf2019-02-25.parquet.gzip', '../data/Buffer_Data\\export-wf2019-03-04.parquet.gzip', '../data/Buffer_Data\\export-wf2019-03-11.parquet.gzip', '../data/Buffer_Data\\export-wf2019-03-18.parquet.gzip', '../data/Buffer_Data\\export-wf2019-03-25.parquet.gzip', '../data/Buffer_Data\\export-wf2019-04-01.parquet.gzip', '../data/Buffer_Data\\export-wf2019-04-08.parquet.gzip', '../data/Buffer_Data\\export-wf2019-04-15.parquet.gzip', '../data/Buffer_Data\\export-wf2019-04-22.parquet.gzip', '../data/Buffer_Data\\export-wf2019-04-29.parquet.gzip', '../data/Buffer_Data\\export-wf2019-05-06.parquet.gzip', '../data/Buffer_Data\\export-wf2019-05-13.parquet.gzip', '../data/Buffer_Data\\export-wf2019-05-20.parquet.gzip', '../data/Buffer_Data\\export-wf2019-05-27.parquet.gzip', '../data/Buffer_Data\\export-wf2019-06-03.parquet.gzip', '../data/Buffer_Data\\export-wf2019-06-10.parquet.gzip', '../data/Buffer_Data\\export-wf2019-06-17.parquet.gzip', '../data/Buffer_Data\\export-wf2019-06-24.parquet.gzip', '../data/Buffer_Data\\export-wf2019-07-01.parquet.gzip', '../data/Buffer_Data\\export-wf2019-07-08.parquet.gzip', '../data/Buffer_Data\\export-wf2019-07-15.parquet.gzip', '../data/Buffer_Data\\export-wf2019-07-22.parquet.gzip', '../data/Buffer_Data\\export-wf2019-07-29.parquet.gzip', '../data/Buffer_Data\\export-wf2019-08-05.parquet.gzip', '../data/Buffer_Data\\export-wf2019-08-12.parquet.gzip', '../data/Buffer_Data\\export-wf2019-08-19.parquet.gzip', '../data/Buffer_Data\\export-wf2019-08-26.parquet.gzip', '../data/Buffer_Data\\export-wf2019-09-02.parquet.gzip', '../data/Buffer_Data\\export-wf2019-09-09.parquet.gzip', '../data/Buffer_Data\\export-wf2019-09-16.parquet.gzip', '../data/Buffer_Data\\export-wf2019-09-23.parquet.gzip', '../data/Buffer_Data\\export-wf2019-09-30.parquet.gzip', '../data/Buffer_Data\\export-wf2019-10-07.parquet.gzip', '../data/Buffer_Data\\export-wf2019-10-14.parquet.gzip', '../data/Buffer_Data\\export-wf2019-10-21.parquet.gzip', '../data/Buffer_Data\\export-wf2019-10-28.parquet.gzip', '../data/Buffer_Data\\export-wf2019-11-04.parquet.gzip', '../data/Buffer_Data\\export-wf2019-11-11.parquet.gzip']
2020-06-26 15:39:36 [START] create_global_dataframe
create_global_dataframe
parquet read
2020-06-26 15:39:37 [END] 'create_global_dataframe'   0 min 0.12 GB > 0.24 GB; df size:   0.0 GB
3. Data cleansing
2020-06-26 15:39:37 [START] value_filter
value_filter
parquet read
2020-06-26 15:39:39 [END] 'value_filter'   0 min 0.24 GB > 0.22 GB; df size:   0.0 GB
2020-06-26 15:39:39 [START] adjust_sampling_frequency
adjust_sampling_frequency
calculated partitions: 35
Partitions 35 ... repartitioning ...
Partitions: 105
rows: 16802649 >> 3440496
cols: 95 >> 95
parquet created
2020-06-27 05:45:51 [END] 'adjust_sampling_frequency'  846 min 0.22 GB > 15.93 GB; df size:   0.0 GB
2020-06-27 05:45:51 [START] impute_missing_values
impute_missing_values
calculated partitions: 35
Partitions 35 ... repartitioning ...
Partitions: 140
parquet created
2020-06-27 06:16:14 [END] 'impute_missing_values'  30 min 15.93 GB > 11.33 GB; df size:   0.0 GB
2020-06-27 06:16:20 [START] slice_valid_data
slice_valid_data
First valid index: 2018-11-11 23:08:00
Last valid index 2019-11-15 10:40:00
parquet created
2020-06-27 06:31:25 [END] 'slice_valid_data'  15 min 11.34 GB > 11.35 GB; df size:   0.0 GB
2020-06-27 06:31:25 [START] one_hot_encode_categories
one_hot_encode_categories
E:\Code\venv\lib\site-packages\dask\dataframe\multi.py:1093: UserWarning: Concatenating dataframes with unknown divisions.
We're assuming that the indexes of each dataframes are
 aligned. This assumption is not generally safe.
  warnings.warn(
Number of Columns for one hot encoding : 68
Partitions 140 ... repartitioning ...
Partitions: 11
parquet created
2020-06-27 06:55:35 [END] 'one_hot_encode_categories'  24 min 11.35 GB > 11.38 GB; df size:   0.0 GB
2020-06-27 06:55:35 [START] remove_error_codes
2020-06-27 06:55:35 [END] 'remove_error_codes'   0 min 11.38 GB > 11.38 GB; df size:   0.0 GB
4. Feature engineering
2020-06-27 06:55:35 [START] extract_windows_and_features
extract_windows_and_features
Number of errorCode Features to process: 30
Number of Default Features to process: 3
Number of total Features to process: 33
Empty
Empty
Feature Extraction: 100%|██████████| 628/628 [00:00<00:00, 4465.94it/s]
Empty
Empty
Feature Extraction: 100%|██████████| 628/628 [00:00<00:00, 5741.81it/s]
Empty
Empty
Empty
Empty
Empty
Empty
Empty
Empty
Empty
Feature Extraction: 100%|██████████| 628/628 [00:00<00:00, 5741.39it/s]
Empty
Empty
Feature Extraction: 100%|██████████| 628/628 [00:00<00:00, 5742.74it/s]
Empty
Feature Extraction: 100%|██████████| 628/628 [00:00<00:00, 5024.13it/s]
Empty
Empty
Empty
Empty
Empty
Empty
Feature Extraction: 100%|██████████| 628/628 [00:00<00:00, 5743.02it/s]
Feature Extraction: 100%|██████████| 628/628 [00:00<00:00, 5741.69it/s]
Feature Extraction: 100%|██████████| 628/628 [00:00<00:00, 5741.69it/s]
Empty
Empty
Feature Extraction: 100%|██████████| 628/628 [00:00<00:00, 5742.77it/s]
Number of Features extraced: 4
pandas created
2020-06-27 07:11:04 [END] 'extract_windows_and_features'  15 min 11.38 GB > 6.9 GB; df size:  df (4, 5030) 0.0 GB
5. ML evaluation
2020-06-27 07:11:06 [START] standardize_features
2020-06-27 07:11:07 [END] 'standardize_features'   0 min 0.41 GB > 0.41 GB; df size:  df (4, 5030) 0.0 GB
2020-06-27 07:11:07 [START] remove_global_timestamp
2020-06-27 07:11:07 [END] 'remove_global_timestamp'   0 min 0.41 GB > 0.41 GB; df size:  df (4, 5025) 0.0 GB
2020-06-27 07:11:08 [START] get_x_y
2020-06-27 07:11:08 [END] 'get_x_y'   0 min 0.41 GB > 0.41 GB; df size:   0.0 GB
2020-06-27 07:11:08 [START] eval
Configurations: {'sampling_frequency': '30S', 'imputations_technique_str': 'pad', 'imputation_technique_num': 'pad', 'ts_fresh_window_length': 3, 'ts_fresh_window_end': 1, 'ts_fresh_minimal_features': True, 'target_col': 'components.cont.conditions.logic.errorCode', 'target_errorCode': 209, 'balance': True, 'evaluation_metrics': 'accuracy', 'cv': 5, 'ml_algorithm': LinearSVC(C=1.0, class_weight=None, dual=True, fit_intercept=True,
          intercept_scaling=1, loss='squared_hinge', max_iter=1000,
          multi_class='ovr', penalty='l2', random_state=None, tol=0.0001,
          verbose=0)}
Traceback (most recent call last):
  File "E:\Code\venv\lib\site-packages\joblib\parallel.py", line 797, in dispatch_one_batch
    tasks = self._ready_batches.get(block=False)
  File "E:\Programme\lib\queue.py", line 167, in get
    raise Empty
_queue.Empty

During handling of the above exception, another exception occurred:

Traceback (most recent call last):
  File "E:\Code\Git\pipeline\code\main.py", line 14, in <module>
    run_pipeline(configs_pipeline[0], apply_data_extraction=False)
  File "E:\Code\Git\pipeline\code\pipeline.py", line 78, in run_pipeline
    scores = eval(df, y, config=config, crossvalidation=c.cv, clf=c.ml_algorithm)
  File "E:\Code\Git\pipeline\code\monitoring\time_it.py", line 37, in wrap
    result = f(*args, **kw)
  File "E:\Code\Git\pipeline\code\ml_evaluation\eval.py", line 31, in eval
    scores = cross_validate(clf, X = X, y = y, cv = crossvalidation, scoring = scoring) #error_score=np.nan)
  File "E:\Code\venv\lib\site-packages\sklearn\model_selection\_validation.py", line 230, in cross_validate
    scores = parallel(
  File "E:\Code\venv\lib\site-packages\joblib\parallel.py", line 1004, in __call__
    if self.dispatch_one_batch(iterator):
  File "E:\Code\venv\lib\site-packages\joblib\parallel.py", line 808, in dispatch_one_batch
    islice = list(itertools.islice(iterator, big_batch_size))
  File "E:\Code\venv\lib\site-packages\sklearn\model_selection\_validation.py", line 230, in <genexpr>
    scores = parallel(
  File "E:\Code\venv\lib\site-packages\sklearn\model_selection\_split.py", line 330, in split
    raise ValueError(
ValueError: Cannot have number of splits n_splits=5 greater than the number of samples: n_samples=4.

Process finished with exit code 1
